2025-08-12 04:28:39,574 - INFO - Starting auto-git-sync monitoring...
2025-08-12 04:28:39,638 - INFO - Detected file changes...
2025-08-12 04:28:39,988 - INFO - Committed: Auto-sync: README_AUTO_SYNC.md, auto_git_sync.log, auto_git_sync.py and 1 more files - 2025-08-12 04:28:39
2025-08-12 04:28:42,628 - INFO - Changes pushed to GitHub
2025-08-12 04:28:42,978 - INFO - Detected file changes...
2025-08-12 04:28:43,924 - INFO - Committed: Auto-sync: auto_git_sync.log - 2025-08-12 04:28:43
2025-08-12 04:28:47,831 - INFO - Changes pushed to GitHub
2025-08-12 04:29:00,310 - INFO - Detected file changes...
2025-08-12 04:29:00,629 - INFO - Committed: Auto-sync: auto_git_sync.log - 2025-08-12 04:29:00
2025-08-12 04:29:03,182 - INFO - Changes pushed to GitHub
2025-08-12 04:29:06,323 - INFO - Detected file changes...
2025-08-12 04:29:06,626 - INFO - Committed: Auto-sync: auto_git_sync.log - 2025-08-12 04:29:06
2025-08-12 04:29:09,071 - INFO - Changes pushed to GitHub
2025-08-12 04:29:12,229 - INFO - Detected file changes...
2025-08-12 04:29:12,543 - INFO - Committed: Auto-sync: auto_git_sync.log - 2025-08-12 04:29:12
2025-08-12 04:29:14,966 - INFO - Changes pushed to GitHub
2025-08-12 04:29:18,136 - INFO - Detected file changes...
2025-08-12 04:29:18,424 - INFO - Committed: Auto-sync: auto_git_sync.log, start_background_sync.bat - 2025-08-12 04:29:18
2025-08-12 04:29:20,946 - INFO - Changes pushed to GitHub
2025-08-12 04:29:24,096 - INFO - Detected file changes...
2025-08-12 04:29:24,375 - INFO - Committed: Auto-sync: auto_git_sync.log, start_background_sync.bat - 2025-08-12 04:29:24
